[18-Jul-2013 13:36:27 America/Sao_Paulo] PHP Parse error:  syntax error, unexpected '$methodToCall' (T_VARIABLE) in /home/joao/Projetos/www/crossfit/_class/relaluno.php on line 4
[18-Jul-2013 13:36:45 America/Sao_Paulo] PHP Parse error:  syntax error, unexpected '$methodToCall' (T_VARIABLE) in /home/joao/Projetos/www/crossfit/_class/relaluno.php on line 4
[18-Jul-2013 13:36:55 America/Sao_Paulo] PHP Notice:  Undefined index: methodToCall in /home/joao/Projetos/www/crossfit/_class/aluno.php on line 17
[18-Jul-2013 13:36:55 America/Sao_Paulo] PHP Stack trace:
[18-Jul-2013 13:36:55 America/Sao_Paulo] PHP   1. {main}() /home/joao/Projetos/www/crossfit/_class/aluno.php:0
[18-Jul-2013 13:37:00 America/Sao_Paulo] PHP Parse error:  syntax error, unexpected '$methodToCall' (T_VARIABLE) in /home/joao/Projetos/www/crossfit/_class/relaluno.php on line 4
[18-Jul-2013 13:37:22 America/Sao_Paulo] PHP Parse error:  syntax error, unexpected '$methodToCall' (T_VARIABLE) in /home/joao/Projetos/www/crossfit/_class/relaluno.php on line 4
[19-Jul-2013 13:11:59 America/Sao_Paulo] PHP Parse error:  syntax error, unexpected '$methodToCall' (T_VARIABLE) in /home/joao/Projetos/www/crossfit/_class/relaluno.php on line 4
[19-Jul-2013 13:15:14 America/Sao_Paulo] PHP Parse error:  syntax error, unexpected '$methodToCall' (T_VARIABLE) in /home/joao/Projetos/www/crossfit/_class/relaluno.php on line 4
[19-Jul-2013 13:18:02 America/Sao_Paulo] PHP Parse error:  syntax error, unexpected '$methodToCall' (T_VARIABLE) in /home/joao/Projetos/www/crossfit/_class/relaluno.php on line 5
[19-Jul-2013 13:18:20 America/Sao_Paulo] PHP Parse error:  syntax error, unexpected '$methodToCall' (T_VARIABLE) in /home/joao/Projetos/www/crossfit/_class/relaluno.php on line 5
[19-Jul-2013 13:18:49 America/Sao_Paulo] PHP Parse error:  syntax error, unexpected '$methodToCall' (T_VARIABLE) in /home/joao/Projetos/www/crossfit/_class/relaluno.php on line 5
[19-Jul-2013 13:19:20 America/Sao_Paulo] PHP Parse error:  syntax error, unexpected '$methodToCall' (T_VARIABLE) in /home/joao/Projetos/www/crossfit/_class/relaluno.php on line 5
[02-Aug-2013 18:58:50 America/Sao_Paulo] PHP Parse error:  syntax error, unexpected '$methodToCall' (T_VARIABLE) in /home/joao/Projetos/www/crossfit/_class/relaula.php on line 4
[02-Aug-2013 18:58:50 America/Sao_Paulo] PHP Parse error:  syntax error, unexpected '$methodToCall' (T_VARIABLE) in /home/joao/Projetos/www/crossfit/_class/relaula.php on line 4
[02-Aug-2013 18:58:51 America/Sao_Paulo] PHP Parse error:  syntax error, unexpected '$methodToCall' (T_VARIABLE) in /home/joao/Projetos/www/crossfit/_class/relaula.php on line 4
[02-Aug-2013 18:58:51 America/Sao_Paulo] PHP Parse error:  syntax error, unexpected '$methodToCall' (T_VARIABLE) in /home/joao/Projetos/www/crossfit/_class/relaula.php on line 4
[02-Aug-2013 18:58:51 America/Sao_Paulo] PHP Parse error:  syntax error, unexpected '$methodToCall' (T_VARIABLE) in /home/joao/Projetos/www/crossfit/_class/relaula.php on line 4
[02-Aug-2013 18:58:51 America/Sao_Paulo] PHP Parse error:  syntax error, unexpected '$methodToCall' (T_VARIABLE) in /home/joao/Projetos/www/crossfit/_class/relaula.php on line 4
[02-Aug-2013 19:07:44 America/Sao_Paulo] PHP Parse error:  syntax error, unexpected '$methodToCall' (T_VARIABLE) in /home/joao/Projetos/www/crossfit/_class/relaula.php on line 4
[02-Aug-2013 19:08:13 America/Sao_Paulo] PHP Parse error:  syntax error, unexpected '$methodToCall' (T_VARIABLE) in /home/joao/Projetos/www/crossfit/_class/relaula.php on line 4
[02-Aug-2013 19:09:31 America/Sao_Paulo] PHP Parse error:  syntax error, unexpected '$methodToCall' (T_VARIABLE) in /home/joao/Projetos/www/crossfit/_class/relaula.php on line 4
[02-Aug-2013 19:09:32 America/Sao_Paulo] PHP Parse error:  syntax error, unexpected '$methodToCall' (T_VARIABLE) in /home/joao/Projetos/www/crossfit/_class/relaula.php on line 4
[02-Aug-2013 19:09:32 America/Sao_Paulo] PHP Parse error:  syntax error, unexpected '$methodToCall' (T_VARIABLE) in /home/joao/Projetos/www/crossfit/_class/relaula.php on line 4
[02-Aug-2013 19:09:32 America/Sao_Paulo] PHP Parse error:  syntax error, unexpected '$methodToCall' (T_VARIABLE) in /home/joao/Projetos/www/crossfit/_class/relaula.php on line 4
[02-Aug-2013 19:09:33 America/Sao_Paulo] PHP Parse error:  syntax error, unexpected '$methodToCall' (T_VARIABLE) in /home/joao/Projetos/www/crossfit/_class/relaula.php on line 4
[02-Aug-2013 19:16:37 America/Sao_Paulo] PHP Parse error:  syntax error, unexpected '$methodToCall' (T_VARIABLE) in /home/joao/Projetos/www/crossfit/_class/relaula.php on line 4
[02-Aug-2013 19:18:08 America/Sao_Paulo] PHP Parse error:  syntax error, unexpected '$methodToCall' (T_VARIABLE) in /home/joao/Projetos/www/crossfit/_class/relaula.php on line 4
[02-Aug-2013 19:19:40 America/Sao_Paulo] PHP Notice:  Undefined index: dataset in /home/joao/Projetos/www/crossfit/_class/relaula.php on line 10
[02-Aug-2013 19:19:40 America/Sao_Paulo] PHP Stack trace:
[02-Aug-2013 19:19:40 America/Sao_Paulo] PHP   1. {main}() /home/joao/Projetos/www/crossfit/_class/relaula.php:0
[02-Aug-2013 19:19:40 America/Sao_Paulo] PHP Notice:  Undefined variable: SELECT in /home/joao/Projetos/www/crossfit/_class/relaula.php on line 12
[02-Aug-2013 19:19:40 America/Sao_Paulo] PHP Stack trace:
[02-Aug-2013 19:19:40 America/Sao_Paulo] PHP   1. {main}() /home/joao/Projetos/www/crossfit/_class/relaula.php:0
[02-Aug-2013 19:19:40 America/Sao_Paulo] PHP Warning:  Invalid argument supplied for foreach() in /home/joao/Projetos/www/crossfit/_class/relaula.php on line 14
[02-Aug-2013 19:19:40 America/Sao_Paulo] PHP Stack trace:
[02-Aug-2013 19:19:40 America/Sao_Paulo] PHP   1. {main}() /home/joao/Projetos/www/crossfit/_class/relaula.php:0
[02-Aug-2013 19:19:40 America/Sao_Paulo] PHP Warning:  mysql_fetch_assoc() expects parameter 1 to be resource, boolean given in /home/joao/Projetos/www/crossfit/_class/sql.php on line 57
[02-Aug-2013 19:19:40 America/Sao_Paulo] PHP Stack trace:
[02-Aug-2013 19:19:40 America/Sao_Paulo] PHP   1. {main}() /home/joao/Projetos/www/crossfit/_class/relaula.php:0
[02-Aug-2013 19:19:40 America/Sao_Paulo] PHP   2. DB::get_rows() /home/joao/Projetos/www/crossfit/_class/relaula.php:20
[02-Aug-2013 19:19:40 America/Sao_Paulo] PHP   3. mysql_fetch_assoc() /home/joao/Projetos/www/crossfit/_class/sql.php:57
